0 info it worked if it ends with ok
1 verbose cli [ '/usr/local/bin/node',
1 verbose cli   '/usr/local/bin/npm',
1 verbose cli   'run',
1 verbose cli   'start:dev:client' ]
2 info using npm@2.14.4
3 info using node@v4.1.1
4 verbose run-script [ 'prestart:dev:client',
4 verbose run-script   'start:dev:client',
4 verbose run-script   'poststart:dev:client' ]
5 info prestart:dev:client react-node-app@1.0.0
6 info start:dev:client react-node-app@1.0.0
7 verbose unsafe-perm in lifecycle true
8 info react-node-app@1.0.0 Failed to exec start:dev:client script
9 verbose stack Error: react-node-app@1.0.0 start:dev:client: `webpack-dev-server`
9 verbose stack Exit status 1
9 verbose stack     at EventEmitter.<anonymous> (/usr/local/lib/node_modules/npm/lib/utils/lifecycle.js:214:16)
9 verbose stack     at emitTwo (events.js:87:13)
9 verbose stack     at EventEmitter.emit (events.js:172:7)
9 verbose stack     at ChildProcess.<anonymous> (/usr/local/lib/node_modules/npm/lib/utils/spawn.js:24:14)
9 verbose stack     at emitTwo (events.js:87:13)
9 verbose stack     at ChildProcess.emit (events.js:172:7)
9 verbose stack     at maybeClose (internal/child_process.js:817:16)
9 verbose stack     at Process.ChildProcess._handle.onexit (internal/child_process.js:211:5)
10 verbose pkgid react-node-app@1.0.0
11 verbose cwd /Users/divadyekcih/WDI/react-node-app
12 error Darwin 15.6.0
13 error argv "/usr/local/bin/node" "/usr/local/bin/npm" "run" "start:dev:client"
14 error node v4.1.1
15 error npm  v2.14.4
16 error code ELIFECYCLE
17 error react-node-app@1.0.0 start:dev:client: `webpack-dev-server`
17 error Exit status 1
18 error Failed at the react-node-app@1.0.0 start:dev:client script 'webpack-dev-server'.
18 error This is most likely a problem with the react-node-app package,
18 error not with npm itself.
18 error Tell the author that this fails on your system:
18 error     webpack-dev-server
18 error You can get their info via:
18 error     npm owner ls react-node-app
18 error There is likely additional logging output above.
19 verbose exit [ 1, true ]
